Using pre-set license
Built from '2021.3/staging' branch; Version is '2021.3.18f1 (3129e69bc0c7) revision 3221990'; Using compiler version '192829333'; Build Type 'Release'
OS: 'Windows 10  (10.0.19045) 64bit Professional' Language: 'ru' Physical Memory: 16383 MB
BatchMode: 1, IsHumanControllingUs: 0, StartBugReporterOnCrash: 0, Is64bit: 1, IsPro: 1

COMMAND LINE ARGUMENTS:
C:\Program Files\Unity\Hub\Editor\2021.3.18f1\Editor\Unity.exe
-adb2
-batchMode
-noUpm
-name
AssetImportWorker0
-projectPath
D:/Unity/Edible Inedible
-logFile
Logs/AssetImportWorker0.log
-srvPort
52630
Successfully changed project path to: D:/Unity/Edible Inedible
D:/Unity/Edible Inedible
[UnityMemory] Configuration Parameters - Can be set up in boot.config
    "memorysetup-bucket-allocator-granularity=16"
    "memorysetup-bucket-allocator-bucket-count=8"
    "memorysetup-bucket-allocator-block-size=33554432"
    "memorysetup-bucket-allocator-block-count=8"
    "memorysetup-main-allocator-block-size=16777216"
    "memorysetup-thread-allocator-block-size=16777216"
    "memorysetup-gfx-main-allocator-block-size=16777216"
    "memorysetup-gfx-thread-allocator-block-size=16777216"
    "memorysetup-cache-allocator-block-size=4194304"
    "memorysetup-typetree-allocator-block-size=2097152"
    "memorysetup-profiler-bucket-allocator-granularity=16"
    "memorysetup-profiler-bucket-allocator-bucket-count=8"
    "memorysetup-profiler-bucket-allocator-block-size=33554432"
    "memorysetup-profiler-bucket-allocator-block-count=8"
    "memorysetup-profiler-allocator-block-size=16777216"
    "memorysetup-profiler-editor-allocator-block-size=1048576"
    "memorysetup-temp-allocator-size-main=16777216"
    "memorysetup-job-temp-allocator-block-size=2097152"
    "memorysetup-job-temp-allocator-block-size-background=1048576"
    "memorysetup-job-temp-allocator-reduction-small-platforms=262144"
    "memorysetup-temp-allocator-size-background-worker=32768"
    "memorysetup-temp-allocator-size-job-worker=262144"
    "memorysetup-temp-allocator-size-preload-manager=33554432"
    "memorysetup-temp-allocator-size-nav-mesh-worker=65536"
    "memorysetup-temp-allocator-size-audio-worker=65536"
    "memorysetup-temp-allocator-size-cloud-worker=32768"
    "memorysetup-temp-allocator-size-gi-baking-worker=262144"
    "memorysetup-temp-allocator-size-gfx=262144"
Player connection [3204] Host "[IP] 192.168.0.106 [Port] 0 [Flags] 2 [Guid] 1398729868 [EditorId] 1398729868 [Version] 1048832 [Id] WindowsEditor(7,DESKTOP-SUM2VM5) [Debug] 1 [PackageName] WindowsEditor [ProjectName] Editor" joined multi-casting on [225.0.0.222:54997]...

Player connection [3204] Host "[IP] 192.168.0.106 [Port] 0 [Flags] 2 [Guid] 1398729868 [EditorId] 1398729868 [Version] 1048832 [Id] WindowsEditor(7,DESKTOP-SUM2VM5) [Debug] 1 [PackageName] WindowsEditor [ProjectName] Editor" joined alternative multi-casting on [225.0.0.222:34997]...

Refreshing native plugins compatible for Editor in 189.32 ms, found 4 plugins.
Preloading 0 native plugins for Editor in 0.00 ms.
Initialize engine version: 2021.3.18f1 (3129e69bc0c7)
[Subsystems] Discovering subsystems at path C:/Program Files/Unity/Hub/Editor/2021.3.18f1/Editor/Data/Resources/UnitySubsystems
[Subsystems] Discovering subsystems at path D:/Unity/Edible Inedible/Assets
GfxDevice: creating device client; threaded=0; jobified=0
Direct3D:
    Version:  Direct3D 11.0 [level 11.1]
    Renderer: NVIDIA GeForce GTX 1050 Ti (ID=0x1c82)
    Vendor:   NVIDIA
    VRAM:     4017 MB
    Driver:   31.0.15.3713
Initialize mono
Mono path[0] = 'C:/Program Files/Unity/Hub/Editor/2021.3.18f1/Editor/Data/Managed'
Mono path[1] = 'C:/Program Files/Unity/Hub/Editor/2021.3.18f1/Editor/Data/MonoBleedingEdge/lib/mono/unityjit-win32'
Mono config path = 'C:/Program Files/Unity/Hub/Editor/2021.3.18f1/Editor/Data/MonoBleedingEdge/etc'
Using monoOptions --debugger-agent=transport=dt_socket,embedding=1,server=y,suspend=n,address=127.0.0.1:56236
Begin MonoManager ReloadAssembly
Registering precompiled unity dll's ...
Register platform support module: C:/Program Files/Unity/Hub/Editor/2021.3.18f1/Editor/Data/PlaybackEngines/AndroidPlayer/UnityEditor.Android.Extensions.dll
Register platform support module: C:/Program Files/Unity/Hub/Editor/2021.3.18f1/Editor/Data/PlaybackEngines/iOSSupport/UnityEditor.iOS.Extensions.dll
Register platform support module: C:/Program Files/Unity/Hub/Editor/2021.3.18f1/Editor/Data/PlaybackEngines/WindowsStandaloneSupport/UnityEditor.WindowsStandalone.Extensions.dll
Registered in 0.022253 seconds.
Native extension for WindowsStandalone target not found
[usbmuxd] Start listen thread
[usbmuxd] Listen thread started
Native extension for iOS target not found
Native extension for Android target not found
Android Extension - Scanning For ADB Devices 712 ms
Refreshing native plugins compatible for Editor in 221.71 ms, found 4 plugins.
Preloading 0 native plugins for Editor in 0.00 ms.
Mono: successfully reloaded assembly
- Completed reload, in  2.347 seconds
Domain Reload Profiling:
	ReloadAssembly (2348ms)
		BeginReloadAssembly (178ms)
			ExecutionOrderSort (0ms)
			DisableScriptedObjects (0ms)
			BackupInstance (0ms)
			ReleaseScriptingObjects (0ms)
			CreateAndSetChildDomain (1ms)
		EndReloadAssembly (1942ms)
			LoadAssemblies (175ms)
			RebuildTransferFunctionScriptingTraits (0ms)
			SetupTypeCache (253ms)
			ReleaseScriptCaches (0ms)
			RebuildScriptCaches (61ms)
			SetupLoadedEditorAssemblies (1516ms)
				LogAssemblyErrors (0ms)
				InitializePlatformSupportModulesInManaged (919ms)
				SetLoadedEditorAssemblies (2ms)
				RefreshPlugins (223ms)
				BeforeProcessingInitializeOnLoad (3ms)
				ProcessInitializeOnLoadAttributes (272ms)
				ProcessInitializeOnLoadMethodAttributes (96ms)
				AfterProcessingInitializeOnLoad (0ms)
				EditorAssembliesLoaded (0ms)
			ExecutionOrderSort2 (0ms)
			AwakeInstancesAfterBackupRestoration (0ms)
Platform modules already initialized, skipping
Registering precompiled user dll's ...
Registered in 0.017588 seconds.
Begin MonoManager ReloadAssembly
Symbol file LoadedFromMemory doesn't match image D:\Unity\Edible Inedible\Library\PackageCache\com.unity.visualscripting@1.8.0\Editor\VisualScripting.Core\Dependencies\YamlDotNet\Unity.VisualScripting.YamlDotNet.dll
Symbol file LoadedFromMemory doesn't match image D:\Unity\Edible Inedible\Library\PackageCache\com.unity.visualscripting@1.8.0\Editor\VisualScripting.Core\Dependencies\DotNetZip\Unity.VisualScripting.IonicZip.dll
Native extension for WindowsStandalone target not found
Native extension for iOS target not found
Native extension for Android target not found
Refreshing native plugins compatible for Editor in 167.87 ms, found 4 plugins.
Preloading 0 native plugins for Editor in 0.00 ms.
Mono: successfully reloaded assembly
Package Manager log level set to [2]
- Completed reload, in  2.417 seconds
Domain Reload Profiling:
	ReloadAssembly (2418ms)
		BeginReloadAssembly (257ms)
			ExecutionOrderSort (0ms)
			DisableScriptedObjects (14ms)
			BackupInstance (0ms)
			ReleaseScriptingObjects (1ms)
			CreateAndSetChildDomain (37ms)
		EndReloadAssembly (1942ms)
			LoadAssemblies (198ms)
			RebuildTransferFunctionScriptingTraits (0ms)
			SetupTypeCache (558ms)
			ReleaseScriptCaches (1ms)
			RebuildScriptCaches (120ms)
			SetupLoadedEditorAssemblies (967ms)
				LogAssemblyErrors (0ms)
				InitializePlatformSupportModulesInManaged (50ms)
				SetLoadedEditorAssemblies (0ms)
				RefreshPlugins (168ms)
				BeforeProcessingInitializeOnLoad (195ms)
				ProcessInitializeOnLoadAttributes (453ms)
				ProcessInitializeOnLoadMethodAttributes (82ms)
				AfterProcessingInitializeOnLoad (20ms)
				EditorAssembliesLoaded (0ms)
			ExecutionOrderSort2 (0ms)
			AwakeInstancesAfterBackupRestoration (11ms)
Platform modules already initialized, skipping
========================================================================
Worker process is ready to serve import requests
Launched and connected shader compiler UnityShaderCompiler.exe after 0.15 seconds
Refreshing native plugins compatible for Editor in 1.29 ms, found 4 plugins.
Preloading 0 native plugins for Editor in 0.00 ms.
Unloading 3990 Unused Serialized files (Serialized files now loaded: 0)
Unloading 56 unused Assets / (229.0 KB). Loaded Objects now: 4432.
Memory consumption went from 150.3 MB to 150.1 MB.
Total: 8.221000 ms (FindLiveObjects: 0.646300 ms CreateObjectMapping: 0.152000 ms MarkObjects: 7.090200 ms  DeleteObjects: 0.330600 ms)

AssetImportParameters requested are different than current active one (requested -> active):
  custom:video-decoder-ogg-theora: a1e56fd34408186e4bbccfd4996cb3dc -> 
  custom:container-muxer-webm: aa71ff27fc2769a1b78a27578f13a17b -> 
  custom:container-demuxer-webm: 4f35f7cbe854078d1ac9338744f61a02 -> 
  custom:video-encoder-webm-vp8: eb34c28f22e8b96e1ab97ce403110664 -> 
  custom:audio-encoder-webm-vorbis: bf7c407c2cedff20999df2af8eb42d56 -> 
  custom:framework-win-MediaFoundation: 216162199b28c13a410421893ffa2e32 -> 
  custom:container-demuxer-ogg: 62fdf1f143b41e24485cea50d1cbac27 -> 
  custom:video-decoder-webm-vp8: 9c59270c3fd7afecdb556c50c9e8de78 -> 
  custom:audio-decoder-ogg-vorbis: bf7c407c2cedff20999df2af8eb42d56 -> 
========================================================================
Received Import Request.
  Time since last request: 1859681.703995 seconds.
  path: Assets/Prefabs/Pear.prefab
  artifactKey: Guid(bdd579ae50d7bfc47ae8ca45f3d1e8e5) Importer(815301076,1909f56bfc062723c751e8b465ee728b)
Start importing Assets/Prefabs/Pear.prefab using Guid(bdd579ae50d7bfc47ae8ca45f3d1e8e5) Importer(815301076,1909f56bfc062723c751e8b465ee728b)  -> (artifact id: 'b9969d1ea1b92b25bc5304028e209d9c') in 0.268714 seconds 
========================================================================
Received Import Request.
  Time since last request: 1.008004 seconds.
  path: Assets/Prefabs/Pear.prefab
  artifactKey: Guid(bdd579ae50d7bfc47ae8ca45f3d1e8e5) Importer(815301076,1909f56bfc062723c751e8b465ee728b)
Start importing Assets/Prefabs/Pear.prefab using Guid(bdd579ae50d7bfc47ae8ca45f3d1e8e5) Importer(815301076,1909f56bfc062723c751e8b465ee728b)  -> (artifact id: '7aa32e0761251e121118abe4cdd2617f') in 0.018167 seconds 
========================================================================
Received Import Request.
  Time since last request: 13.428036 seconds.
  path: Assets/Prefabs/RottenPear.prefab
  artifactKey: Guid(2911aefe3cec84149ac1441dd505d93c) Importer(815301076,1909f56bfc062723c751e8b465ee728b)
Start importing Assets/Prefabs/RottenPear.prefab using Guid(2911aefe3cec84149ac1441dd505d93c) Importer(815301076,1909f56bfc062723c751e8b465ee728b)  -> (artifact id: '5c515d01128757de95e0555021737cfd') in 0.016976 seconds 
========================================================================
Received Import Request.
  Time since last request: 57.183887 seconds.
  path: Assets/Prefabs/Rabbit.prefab
  artifactKey: Guid(caa62433cb4cb2944830ae076288c7fc) Importer(815301076,1909f56bfc062723c751e8b465ee728b)
Start importing Assets/Prefabs/Rabbit.prefab using Guid(caa62433cb4cb2944830ae076288c7fc) Importer(815301076,1909f56bfc062723c751e8b465ee728b)  -> (artifact id: '39439ad06a2d91e274111abcf4c5c6e2') in 0.018729 seconds 
========================================================================
Received Import Request.
  Time since last request: 41.171142 seconds.
  path: Assets/Prefabs/Sausage.prefab
  artifactKey: Guid(b1daf59b894e53e418a08b7aa74cf30a) Importer(815301076,1909f56bfc062723c751e8b465ee728b)
Start importing Assets/Prefabs/Sausage.prefab using Guid(b1daf59b894e53e418a08b7aa74cf30a) Importer(815301076,1909f56bfc062723c751e8b465ee728b)  -> (artifact id: 'd4ccd681729d62be61d3ea5228736d65') in 0.023518 seconds 
========================================================================
Received Import Request.
  Time since last request: 22.396604 seconds.
  path: Assets/Prefabs/Meat.prefab
  artifactKey: Guid(6fd1895cbdbade44393f9f486c669f93) Importer(815301076,1909f56bfc062723c751e8b465ee728b)
Start importing Assets/Prefabs/Meat.prefab using Guid(6fd1895cbdbade44393f9f486c669f93) Importer(815301076,1909f56bfc062723c751e8b465ee728b)  -> (artifact id: '28600daa6313b53330f6c8c67321a992') in 0.020453 seconds 
========================================================================
Received Import Request.
  Time since last request: 4.045870 seconds.
  path: Assets/Prefabs/Meat.prefab
  artifactKey: Guid(6fd1895cbdbade44393f9f486c669f93) Importer(815301076,1909f56bfc062723c751e8b465ee728b)
Start importing Assets/Prefabs/Meat.prefab using Guid(6fd1895cbdbade44393f9f486c669f93) Importer(815301076,1909f56bfc062723c751e8b465ee728b)  -> (artifact id: '8ce9d6a6c2ec24731893728bfbcad97a') in 0.018474 seconds 
========================================================================
Received Import Request.
  Time since last request: 26.280099 seconds.
  path: Assets/Prefabs/Cheese.prefab
  artifactKey: Guid(71e8163f0a652854bb0f5a7793c8079f) Importer(815301076,1909f56bfc062723c751e8b465ee728b)
Start importing Assets/Prefabs/Cheese.prefab using Guid(71e8163f0a652854bb0f5a7793c8079f) Importer(815301076,1909f56bfc062723c751e8b465ee728b)  -> (artifact id: '05d16e7505dd2a1599488972cb8a793f') in 0.017572 seconds 
========================================================================
Received Import Request.
  Time since last request: 21.491902 seconds.
  path: Assets/Prefabs/Leaf.prefab
  artifactKey: Guid(9136902d094a6d248957712e72c4a7c3) Importer(815301076,1909f56bfc062723c751e8b465ee728b)
Start importing Assets/Prefabs/Leaf.prefab using Guid(9136902d094a6d248957712e72c4a7c3) Importer(815301076,1909f56bfc062723c751e8b465ee728b)  -> (artifact id: '7c5750638eab611b08cc01475aa00504') in 0.021630 seconds 
========================================================================
Received Import Request.
  Time since last request: 25.681709 seconds.
  path: Assets/Prefabs/Apple.prefab
  artifactKey: Guid(a629b50a745d4b94c925a6d97588d2f6) Importer(815301076,1909f56bfc062723c751e8b465ee728b)
Start importing Assets/Prefabs/Apple.prefab using Guid(a629b50a745d4b94c925a6d97588d2f6) Importer(815301076,1909f56bfc062723c751e8b465ee728b)  -> (artifact id: '3add19439376c2b4f519de961db3d123') in 0.095587 seconds 
========================================================================
Received Import Request.
  Time since last request: 32.406567 seconds.
  path: Assets/Prefabs/Pepper.prefab
  artifactKey: Guid(2d30694c20a1fa740a9f143c1903659b) Importer(815301076,1909f56bfc062723c751e8b465ee728b)
Start importing Assets/Prefabs/Pepper.prefab using Guid(2d30694c20a1fa740a9f143c1903659b) Importer(815301076,1909f56bfc062723c751e8b465ee728b)  -> (artifact id: '3bf29650905012bde7936ab36a373b19') in 0.019774 seconds 
========================================================================
Received Import Request.
  Time since last request: 31.664764 seconds.
  path: Assets/Prefabs/Apple.prefab
  artifactKey: Guid(a629b50a745d4b94c925a6d97588d2f6) Importer(815301076,1909f56bfc062723c751e8b465ee728b)
Start importing Assets/Prefabs/Apple.prefab using Guid(a629b50a745d4b94c925a6d97588d2f6) Importer(815301076,1909f56bfc062723c751e8b465ee728b)  -> (artifact id: 'bb8952f77f0761d2273470c1778ee376') in 0.018555 seconds 
========================================================================
Received Import Request.
  Time since last request: 21.870410 seconds.
  path: Assets/Prefabs/Cucumber.prefab
  artifactKey: Guid(c2746c1b93bdca94996abd36a290fe08) Importer(815301076,1909f56bfc062723c751e8b465ee728b)
Start importing Assets/Prefabs/Cucumber.prefab using Guid(c2746c1b93bdca94996abd36a290fe08) Importer(815301076,1909f56bfc062723c751e8b465ee728b)  -> (artifact id: '63956c02d1d102c4098fe7b4deb16865') in 0.016248 seconds 
========================================================================
Received Import Request.
  Time since last request: 22.333429 seconds.
  path: Assets/Prefabs/Lemon.prefab
  artifactKey: Guid(19c90388363f5c14fb60195b50dba104) Importer(815301076,1909f56bfc062723c751e8b465ee728b)
Start importing Assets/Prefabs/Lemon.prefab using Guid(19c90388363f5c14fb60195b50dba104) Importer(815301076,1909f56bfc062723c751e8b465ee728b)  -> (artifact id: 'c0ab8b76e0d704227def5ee417ea2775') in 0.020147 seconds 
========================================================================
Received Import Request.
  Time since last request: 23.668785 seconds.
  path: Assets/Prefabs/Bread.prefab
  artifactKey: Guid(9ed92324c08e0174295f83de19207803) Importer(815301076,1909f56bfc062723c751e8b465ee728b)
Start importing Assets/Prefabs/Bread.prefab using Guid(9ed92324c08e0174295f83de19207803) Importer(815301076,1909f56bfc062723c751e8b465ee728b)  -> (artifact id: '9eb609882e53b83c385a82ae00070371') in 0.022109 seconds 
========================================================================
Received Import Request.
  Time since last request: 27.465303 seconds.
  path: Assets/Prefabs/Сabbage.prefab
  artifactKey: Guid(6ecc5b89c8b8e4c44844cbded14da421) Importer(815301076,1909f56bfc062723c751e8b465ee728b)
Start importing Assets/Prefabs/Сabbage.prefab using Guid(6ecc5b89c8b8e4c44844cbded14da421) Importer(815301076,1909f56bfc062723c751e8b465ee728b)  -> (artifact id: 'f045dab118b9d40ac1ee8f58eb849eab') in 0.017359 seconds 
========================================================================
Received Import Request.
  Time since last request: 22.366859 seconds.
  path: Assets/Prefabs/Fish.prefab
  artifactKey: Guid(c145637ddacfead4c8d2907af6f28c71) Importer(815301076,1909f56bfc062723c751e8b465ee728b)
Start importing Assets/Prefabs/Fish.prefab using Guid(c145637ddacfead4c8d2907af6f28c71) Importer(815301076,1909f56bfc062723c751e8b465ee728b)  -> (artifact id: '06ddfb8f2c932c858a9525db432a6857') in 0.019567 seconds 
========================================================================
Received Import Request.
  Time since last request: 38.701954 seconds.
  path: Assets/Prefabs/Meat2.prefab
  artifactKey: Guid(7b869a99ad736e74ba885811bb565e40) Importer(815301076,1909f56bfc062723c751e8b465ee728b)
Start importing Assets/Prefabs/Meat2.prefab using Guid(7b869a99ad736e74ba885811bb565e40) Importer(815301076,1909f56bfc062723c751e8b465ee728b)  -> (artifact id: 'ad56d554262e933dd26f2f25cb03a31b') in 0.015964 seconds 
========================================================================
Received Import Request.
  Time since last request: 33.224658 seconds.
  path: Assets/Prefabs/RottenBanan.prefab
  artifactKey: Guid(97504eeea6a8b804ba12cf35b6ef0a40) Importer(815301076,1909f56bfc062723c751e8b465ee728b)
Start importing Assets/Prefabs/RottenBanan.prefab using Guid(97504eeea6a8b804ba12cf35b6ef0a40) Importer(815301076,1909f56bfc062723c751e8b465ee728b)  -> (artifact id: '4cee4ed0d1f576c544fae1d2c105dbbb') in 0.017587 seconds 
