Using pre-set license
Built from '2021.3/staging' branch; Version is '2021.3.18f1 (3129e69bc0c7) revision 3221990'; Using compiler version '192829333'; Build Type 'Release'
OS: 'Windows 10  (10.0.19045) 64bit Professional' Language: 'ru' Physical Memory: 16383 MB
BatchMode: 1, IsHumanControllingUs: 0, StartBugReporterOnCrash: 0, Is64bit: 1, IsPro: 1

COMMAND LINE ARGUMENTS:
C:\Program Files\Unity\Hub\Editor\2021.3.18f1\Editor\Unity.exe
-adb2
-batchMode
-noUpm
-name
AssetImportWorker0
-projectPath
C:/Users/emely/FightIn The Arena
-logFile
Logs/AssetImportWorker0.log
-srvPort
63388
Successfully changed project path to: C:/Users/emely/FightIn The Arena
C:/Users/emely/FightIn The Arena
[UnityMemory] Configuration Parameters - Can be set up in boot.config
    "memorysetup-bucket-allocator-granularity=16"
    "memorysetup-bucket-allocator-bucket-count=8"
    "memorysetup-bucket-allocator-block-size=33554432"
    "memorysetup-bucket-allocator-block-count=8"
    "memorysetup-main-allocator-block-size=16777216"
    "memorysetup-thread-allocator-block-size=16777216"
    "memorysetup-gfx-main-allocator-block-size=16777216"
    "memorysetup-gfx-thread-allocator-block-size=16777216"
    "memorysetup-cache-allocator-block-size=4194304"
    "memorysetup-typetree-allocator-block-size=2097152"
    "memorysetup-profiler-bucket-allocator-granularity=16"
    "memorysetup-profiler-bucket-allocator-bucket-count=8"
    "memorysetup-profiler-bucket-allocator-block-size=33554432"
    "memorysetup-profiler-bucket-allocator-block-count=8"
    "memorysetup-profiler-allocator-block-size=16777216"
    "memorysetup-profiler-editor-allocator-block-size=1048576"
    "memorysetup-temp-allocator-size-main=16777216"
    "memorysetup-job-temp-allocator-block-size=2097152"
    "memorysetup-job-temp-allocator-block-size-background=1048576"
    "memorysetup-job-temp-allocator-reduction-small-platforms=262144"
    "memorysetup-temp-allocator-size-background-worker=32768"
    "memorysetup-temp-allocator-size-job-worker=262144"
    "memorysetup-temp-allocator-size-preload-manager=33554432"
    "memorysetup-temp-allocator-size-nav-mesh-worker=65536"
    "memorysetup-temp-allocator-size-audio-worker=65536"
    "memorysetup-temp-allocator-size-cloud-worker=32768"
    "memorysetup-temp-allocator-size-gi-baking-worker=262144"
    "memorysetup-temp-allocator-size-gfx=262144"
Player connection [26184] Host "[IP] 192.168.0.106 [Port] 0 [Flags] 2 [Guid] 3370961005 [EditorId] 3370961005 [Version] 1048832 [Id] WindowsEditor(7,DESKTOP-SUM2VM5) [Debug] 1 [PackageName] WindowsEditor [ProjectName] Editor" joined multi-casting on [225.0.0.222:54997]...

Player connection [26184] Host "[IP] 192.168.0.106 [Port] 0 [Flags] 2 [Guid] 3370961005 [EditorId] 3370961005 [Version] 1048832 [Id] WindowsEditor(7,DESKTOP-SUM2VM5) [Debug] 1 [PackageName] WindowsEditor [ProjectName] Editor" joined alternative multi-casting on [225.0.0.222:34997]...

Refreshing native plugins compatible for Editor in 169.27 ms, found 4 plugins.
Preloading 0 native plugins for Editor in 0.00 ms.
Initialize engine version: 2021.3.18f1 (3129e69bc0c7)
[Subsystems] Discovering subsystems at path C:/Program Files/Unity/Hub/Editor/2021.3.18f1/Editor/Data/Resources/UnitySubsystems
[Subsystems] Discovering subsystems at path C:/Users/emely/FightIn The Arena/Assets
GfxDevice: creating device client; threaded=0; jobified=0
Direct3D:
    Version:  Direct3D 11.0 [level 11.1]
    Renderer: NVIDIA GeForce GTX 1050 Ti (ID=0x1c82)
    Vendor:   NVIDIA
    VRAM:     4017 MB
    Driver:   31.0.15.3699
Initialize mono
Mono path[0] = 'C:/Program Files/Unity/Hub/Editor/2021.3.18f1/Editor/Data/Managed'
Mono path[1] = 'C:/Program Files/Unity/Hub/Editor/2021.3.18f1/Editor/Data/MonoBleedingEdge/lib/mono/unityjit-win32'
Mono config path = 'C:/Program Files/Unity/Hub/Editor/2021.3.18f1/Editor/Data/MonoBleedingEdge/etc'
Using monoOptions --debugger-agent=transport=dt_socket,embedding=1,server=y,suspend=n,address=127.0.0.1:56824
Begin MonoManager ReloadAssembly
Registering precompiled unity dll's ...
Register platform support module: C:/Program Files/Unity/Hub/Editor/2021.3.18f1/Editor/Data/PlaybackEngines/AndroidPlayer/UnityEditor.Android.Extensions.dll
Register platform support module: C:/Program Files/Unity/Hub/Editor/2021.3.18f1/Editor/Data/PlaybackEngines/WindowsStandaloneSupport/UnityEditor.WindowsStandalone.Extensions.dll
Registered in 0.019679 seconds.
Native extension for WindowsStandalone target not found
Native extension for Android target not found
Android Extension - Scanning For ADB Devices 421 ms
Refreshing native plugins compatible for Editor in 160.61 ms, found 4 plugins.
Preloading 0 native plugins for Editor in 0.00 ms.
Mono: successfully reloaded assembly
- Completed reload, in  1.662 seconds
Domain Reload Profiling:
	ReloadAssembly (1663ms)
		BeginReloadAssembly (167ms)
			ExecutionOrderSort (0ms)
			DisableScriptedObjects (0ms)
			BackupInstance (0ms)
			ReleaseScriptingObjects (0ms)
			CreateAndSetChildDomain (1ms)
		EndReloadAssembly (1290ms)
			LoadAssemblies (163ms)
			RebuildTransferFunctionScriptingTraits (0ms)
			SetupTypeCache (208ms)
			ReleaseScriptCaches (0ms)
			RebuildScriptCaches (48ms)
			SetupLoadedEditorAssemblies (944ms)
				LogAssemblyErrors (0ms)
				InitializePlatformSupportModulesInManaged (572ms)
				SetLoadedEditorAssemblies (0ms)
				RefreshPlugins (161ms)
				BeforeProcessingInitializeOnLoad (2ms)
				ProcessInitializeOnLoadAttributes (141ms)
				ProcessInitializeOnLoadMethodAttributes (69ms)
				AfterProcessingInitializeOnLoad (0ms)
				EditorAssembliesLoaded (0ms)
			ExecutionOrderSort2 (0ms)
			AwakeInstancesAfterBackupRestoration (0ms)
Platform modules already initialized, skipping
Registering precompiled user dll's ...
Registered in 0.015736 seconds.
Begin MonoManager ReloadAssembly
Symbol file LoadedFromMemory doesn't match image C:\Users\emely\FightIn The Arena\Library\PackageCache\com.unity.visualscripting@1.8.0\Editor\VisualScripting.Core\Dependencies\YamlDotNet\Unity.VisualScripting.YamlDotNet.dll
Symbol file LoadedFromMemory doesn't match image C:\Users\emely\FightIn The Arena\Library\PackageCache\com.unity.visualscripting@1.8.0\Editor\VisualScripting.Core\Dependencies\DotNetZip\Unity.VisualScripting.IonicZip.dll
Native extension for WindowsStandalone target not found
Native extension for Android target not found
Refreshing native plugins compatible for Editor in 171.36 ms, found 4 plugins.
Preloading 0 native plugins for Editor in 0.00 ms.
Mono: successfully reloaded assembly
- Completed reload, in  2.749 seconds
Domain Reload Profiling:
	ReloadAssembly (2750ms)
		BeginReloadAssembly (344ms)
			ExecutionOrderSort (0ms)
			DisableScriptedObjects (13ms)
			BackupInstance (0ms)
			ReleaseScriptingObjects (0ms)
			CreateAndSetChildDomain (40ms)
		EndReloadAssembly (2173ms)
			LoadAssemblies (305ms)
			RebuildTransferFunctionScriptingTraits (0ms)
			SetupTypeCache (619ms)
			ReleaseScriptCaches (1ms)
			RebuildScriptCaches (128ms)
			SetupLoadedEditorAssemblies (1059ms)
				LogAssemblyErrors (0ms)
				InitializePlatformSupportModulesInManaged (35ms)
				SetLoadedEditorAssemblies (0ms)
				RefreshPlugins (172ms)
				BeforeProcessingInitializeOnLoad (200ms)
				ProcessInitializeOnLoadAttributes (555ms)
				ProcessInitializeOnLoadMethodAttributes (74ms)
				AfterProcessingInitializeOnLoad (21ms)
				EditorAssembliesLoaded (0ms)
			ExecutionOrderSort2 (0ms)
			AwakeInstancesAfterBackupRestoration (11ms)
Platform modules already initialized, skipping
========================================================================
Worker process is ready to serve import requests
Launched and connected shader compiler UnityShaderCompiler.exe after 0.12 seconds
Refreshing native plugins compatible for Editor in 1.16 ms, found 4 plugins.
Preloading 0 native plugins for Editor in 0.00 ms.
Unloading 3911 Unused Serialized files (Serialized files now loaded: 0)
Unloading 54 unused Assets / (302.1 KB). Loaded Objects now: 4367.
Memory consumption went from 148.9 MB to 148.6 MB.
Total: 6.588000 ms (FindLiveObjects: 0.680400 ms CreateObjectMapping: 0.164500 ms MarkObjects: 5.371200 ms  DeleteObjects: 0.369800 ms)

AssetImportParameters requested are different than current active one (requested -> active):
  custom:video-decoder-ogg-theora: a1e56fd34408186e4bbccfd4996cb3dc -> 
  custom:container-muxer-webm: aa71ff27fc2769a1b78a27578f13a17b -> 
  custom:container-demuxer-webm: 4f35f7cbe854078d1ac9338744f61a02 -> 
  custom:video-encoder-webm-vp8: eb34c28f22e8b96e1ab97ce403110664 -> 
  custom:audio-encoder-webm-vorbis: bf7c407c2cedff20999df2af8eb42d56 -> 
  custom:framework-win-MediaFoundation: 216162199b28c13a410421893ffa2e32 -> 
  custom:container-demuxer-ogg: 62fdf1f143b41e24485cea50d1cbac27 -> 
  custom:video-decoder-webm-vp8: 9c59270c3fd7afecdb556c50c9e8de78 -> 
  custom:audio-decoder-ogg-vorbis: bf7c407c2cedff20999df2af8eb42d56 -> 
========================================================================
Received Import Request.
  Time since last request: 399525.168790 seconds.
  path: Assets/Sprites/UI/Group 18.png
  artifactKey: Guid(a247412afc8b6e540965e84d07c522e7) Importer(815301076,1909f56bfc062723c751e8b465ee728b)
Start importing Assets/Sprites/UI/Group 18.png using Guid(a247412afc8b6e540965e84d07c522e7) Importer(815301076,1909f56bfc062723c751e8b465ee728b)  -> (artifact id: '9ad505f02a15a67110f8579ab5a0a11e') in 0.207920 seconds 
========================================================================
Received Import Request.
  Time since last request: 0.000047 seconds.
  path: Assets/Sprites/UI/Group 34.png
  artifactKey: Guid(fb471c69e5c2d464a81f16df55bc9da2) Importer(815301076,1909f56bfc062723c751e8b465ee728b)
Start importing Assets/Sprites/UI/Group 34.png using Guid(fb471c69e5c2d464a81f16df55bc9da2) Importer(815301076,1909f56bfc062723c751e8b465ee728b)  -> (artifact id: '89f6f0df723c92aa64e8b694e751da58') in 0.014035 seconds 
========================================================================
Received Import Request.
  Time since last request: 0.000059 seconds.
  path: Assets/Sprites/UI/Rectangle 1.png
  artifactKey: Guid(64ed780f9c5d6204dbcd9868990bbabc) Importer(815301076,1909f56bfc062723c751e8b465ee728b)
Start importing Assets/Sprites/UI/Rectangle 1.png using Guid(64ed780f9c5d6204dbcd9868990bbabc) Importer(815301076,1909f56bfc062723c751e8b465ee728b)  -> (artifact id: 'fabfc06c589bbe4e19dda99ae44546b8') in 0.018887 seconds 
========================================================================
Received Import Request.
  Time since last request: 0.000032 seconds.
  path: Assets/Sprites/UI/Rectangle 3.png
  artifactKey: Guid(8ebe2a923c604c2458174d40342a9d22) Importer(815301076,1909f56bfc062723c751e8b465ee728b)
Start importing Assets/Sprites/UI/Rectangle 3.png using Guid(8ebe2a923c604c2458174d40342a9d22) Importer(815301076,1909f56bfc062723c751e8b465ee728b)  -> (artifact id: '6c778db828b46f1931d18e464c99e39a') in 0.018083 seconds 
========================================================================
Received Import Request.
  Time since last request: 0.000030 seconds.
  path: Assets/Sprites/UI/Group 19.png
  artifactKey: Guid(d162e9437aeb3aa42a0bdb86fc654193) Importer(815301076,1909f56bfc062723c751e8b465ee728b)
Start importing Assets/Sprites/UI/Group 19.png using Guid(d162e9437aeb3aa42a0bdb86fc654193) Importer(815301076,1909f56bfc062723c751e8b465ee728b)  -> (artifact id: '964d0ea0039231608ea6fc9c6345861e') in 0.014875 seconds 
========================================================================
Received Import Request.
  Time since last request: 0.000166 seconds.
  path: Assets/Sprites/UI/Group 35.png
  artifactKey: Guid(e83c0e28851a19347b9ccdca091ae2ac) Importer(815301076,1909f56bfc062723c751e8b465ee728b)
Start importing Assets/Sprites/UI/Group 35.png using Guid(e83c0e28851a19347b9ccdca091ae2ac) Importer(815301076,1909f56bfc062723c751e8b465ee728b)  -> (artifact id: '14c55d883ba54a2ecb0777fde259bbf4') in 0.015936 seconds 
========================================================================
Received Import Request.
  Time since last request: 0.000031 seconds.
  path: Assets/Sprites/UI/Vector.png
  artifactKey: Guid(859f46f6a5170914b8652613bbad9d63) Importer(815301076,1909f56bfc062723c751e8b465ee728b)
Start importing Assets/Sprites/UI/Vector.png using Guid(859f46f6a5170914b8652613bbad9d63) Importer(815301076,1909f56bfc062723c751e8b465ee728b)  -> (artifact id: 'e3f882a44cbcf395c1d4cd4a2736f01e') in 0.012687 seconds 
========================================================================
Received Import Request.
  Time since last request: 0.000031 seconds.
  path: Assets/Icnons/Icon.jpg
  artifactKey: Guid(280652f9bd0ee8e4a8cca5a34a2c780f) Importer(815301076,1909f56bfc062723c751e8b465ee728b)
Start importing Assets/Icnons/Icon.jpg using Guid(280652f9bd0ee8e4a8cca5a34a2c780f) Importer(815301076,1909f56bfc062723c751e8b465ee728b)  -> (artifact id: 'c7d703f479b56099cc1902544862096c') in 0.070157 seconds 
========================================================================
Received Import Request.
  Time since last request: 0.000032 seconds.
  path: Assets/Sprites/UI/Mask group-2.png
  artifactKey: Guid(faca2c566aeca0d4fbaacc1449ffc00c) Importer(815301076,1909f56bfc062723c751e8b465ee728b)
Start importing Assets/Sprites/UI/Mask group-2.png using Guid(faca2c566aeca0d4fbaacc1449ffc00c) Importer(815301076,1909f56bfc062723c751e8b465ee728b)  -> (artifact id: '10a0620008811a261b7ffdf5c3273274') in 0.016105 seconds 
========================================================================
Received Import Request.
  Time since last request: 0.000037 seconds.
  path: Assets/Sprites/UI/Group 12.png
  artifactKey: Guid(59986cdba0ecbcc42b80b5e3cf4fafb5) Importer(815301076,1909f56bfc062723c751e8b465ee728b)
Start importing Assets/Sprites/UI/Group 12.png using Guid(59986cdba0ecbcc42b80b5e3cf4fafb5) Importer(815301076,1909f56bfc062723c751e8b465ee728b)  -> (artifact id: 'ac3915e80ab28cfc443f62f246018953') in 0.016659 seconds 
========================================================================
Received Import Request.
  Time since last request: 0.000054 seconds.
  path: Assets/Sprites/UI/Group 13.png
  artifactKey: Guid(7ee5a89d0cb325945a376530ce4c68e4) Importer(815301076,1909f56bfc062723c751e8b465ee728b)
Start importing Assets/Sprites/UI/Group 13.png using Guid(7ee5a89d0cb325945a376530ce4c68e4) Importer(815301076,1909f56bfc062723c751e8b465ee728b)  -> (artifact id: 'd210bbd64dfd512004919b4103e4b57a') in 0.010867 seconds 
========================================================================
Received Import Request.
  Time since last request: 0.000031 seconds.
  path: Assets/Sprites/UI/Group 14.png
  artifactKey: Guid(b58de0b2bfcd86845a9779aa52310c16) Importer(815301076,1909f56bfc062723c751e8b465ee728b)
Start importing Assets/Sprites/UI/Group 14.png using Guid(b58de0b2bfcd86845a9779aa52310c16) Importer(815301076,1909f56bfc062723c751e8b465ee728b)  -> (artifact id: '2cbc3723271b8e860bd47ad10fc25bdf') in 0.011665 seconds 
========================================================================
Received Import Request.
  Time since last request: 0.000033 seconds.
  path: Assets/Sprites/UI/Mask group-1.png
  artifactKey: Guid(4cbd4047155775e47a8f37eb1b837330) Importer(815301076,1909f56bfc062723c751e8b465ee728b)
Start importing Assets/Sprites/UI/Mask group-1.png using Guid(4cbd4047155775e47a8f37eb1b837330) Importer(815301076,1909f56bfc062723c751e8b465ee728b)  -> (artifact id: 'da699fcbe6f273ebc1c1fedf944e0dd8') in 0.033393 seconds 
========================================================================
Received Import Request.
  Time since last request: 0.001079 seconds.
  path: Assets/Sprites/UI/Group 11.png
  artifactKey: Guid(a26f38ac2713ff04e96916c3af4e6937) Importer(815301076,1909f56bfc062723c751e8b465ee728b)
Start importing Assets/Sprites/UI/Group 11.png using Guid(a26f38ac2713ff04e96916c3af4e6937) Importer(815301076,1909f56bfc062723c751e8b465ee728b)  -> (artifact id: 'd0c04f9039fe2ab8f38ef2e84ad49ccf') in 0.017915 seconds 
========================================================================
Received Import Request.
  Time since last request: 0.000029 seconds.
  path: Assets/Sprites/UI/Mask group.png
  artifactKey: Guid(125aedde175b37541b4bab5caf3238cd) Importer(815301076,1909f56bfc062723c751e8b465ee728b)
Start importing Assets/Sprites/UI/Mask group.png using Guid(125aedde175b37541b4bab5caf3238cd) Importer(815301076,1909f56bfc062723c751e8b465ee728b)  -> (artifact id: 'b90de758762c995cf31f0f0ac599ea49') in 0.013507 seconds 
========================================================================
Received Import Request.
  Time since last request: 0.000033 seconds.
  path: Assets/Sprites/UI/Fight in the arena.png
  artifactKey: Guid(88f5ab3022225ee4abb0167cddbb0d1c) Importer(815301076,1909f56bfc062723c751e8b465ee728b)
Start importing Assets/Sprites/UI/Fight in the arena.png using Guid(88f5ab3022225ee4abb0167cddbb0d1c) Importer(815301076,1909f56bfc062723c751e8b465ee728b)  -> (artifact id: 'fe002fc6fddb00a52bc9f825214523ac') in 0.028676 seconds 
========================================================================
Received Prepare
Refreshing native plugins compatible for Editor in 9.52 ms, found 4 plugins.
Preloading 0 native plugins for Editor in 0.00 ms.
Unloading 29 Unused Serialized files (Serialized files now loaded: 0)
Unloading 29 unused Assets / (265.8 KB). Loaded Objects now: 4395.
Memory consumption went from 74.8 MB to 74.6 MB.
Total: 6.310400 ms (FindLiveObjects: 0.631200 ms CreateObjectMapping: 0.158800 ms MarkObjects: 5.200800 ms  DeleteObjects: 0.318400 ms)

AssetImportParameters requested are different than current active one (requested -> active):
  custom:video-decoder-ogg-theora: a1e56fd34408186e4bbccfd4996cb3dc -> 
  custom:container-muxer-webm: aa71ff27fc2769a1b78a27578f13a17b -> 
  custom:container-demuxer-webm: 4f35f7cbe854078d1ac9338744f61a02 -> 
  custom:video-encoder-webm-vp8: eb34c28f22e8b96e1ab97ce403110664 -> 
  custom:audio-encoder-webm-vorbis: bf7c407c2cedff20999df2af8eb42d56 -> 
  custom:framework-win-MediaFoundation: 216162199b28c13a410421893ffa2e32 -> 
  custom:container-demuxer-ogg: 62fdf1f143b41e24485cea50d1cbac27 -> 
  custom:video-decoder-webm-vp8: 9c59270c3fd7afecdb556c50c9e8de78 -> 
  custom:audio-decoder-ogg-vorbis: bf7c407c2cedff20999df2af8eb42d56 -> 
========================================================================
Received Prepare
Refreshing native plugins compatible for Editor in 10.07 ms, found 4 plugins.
Preloading 0 native plugins for Editor in 0.00 ms.
Unloading 29 Unused Serialized files (Serialized files now loaded: 0)
Unloading 29 unused Assets / (265.9 KB). Loaded Objects now: 4395.
Memory consumption went from 74.8 MB to 74.6 MB.
Total: 7.222200 ms (FindLiveObjects: 0.638700 ms CreateObjectMapping: 0.157900 ms MarkObjects: 6.113200 ms  DeleteObjects: 0.310500 ms)

AssetImportParameters requested are different than current active one (requested -> active):
  custom:video-decoder-ogg-theora: a1e56fd34408186e4bbccfd4996cb3dc -> 
  custom:container-muxer-webm: aa71ff27fc2769a1b78a27578f13a17b -> 
  custom:container-demuxer-webm: 4f35f7cbe854078d1ac9338744f61a02 -> 
  custom:video-encoder-webm-vp8: eb34c28f22e8b96e1ab97ce403110664 -> 
  custom:audio-encoder-webm-vorbis: bf7c407c2cedff20999df2af8eb42d56 -> 
  custom:framework-win-MediaFoundation: 216162199b28c13a410421893ffa2e32 -> 
  custom:container-demuxer-ogg: 62fdf1f143b41e24485cea50d1cbac27 -> 
  custom:video-decoder-webm-vp8: 9c59270c3fd7afecdb556c50c9e8de78 -> 
  custom:audio-decoder-ogg-vorbis: bf7c407c2cedff20999df2af8eb42d56 -> 
